[debug] [2018-12-31T08:19:12.355Z] ----------------------------------------------------------------------
[debug] [2018-12-31T08:19:12.357Z] Command:       C:\Program Files\nodejs\node.exe C:\Users\caine\AppData\Roaming\npm\node_modules\firebase-tools\lib\bin\firebase.js serve
[debug] [2018-12-31T08:19:12.357Z] CLI Version:   6.2.2
[debug] [2018-12-31T08:19:12.357Z] Platform:      win32
[debug] [2018-12-31T08:19:12.357Z] Node Version:  v8.12.0
[debug] [2018-12-31T08:19:12.357Z] Time:          Mon Dec 31 2018 01:19:12 GMT-0700 (Mountain Standard Time)
[debug] [2018-12-31T08:19:12.358Z] ----------------------------------------------------------------------
[debug] 
[debug] [2018-12-31T08:19:12.366Z] > command requires scopes: ["email","openid","https://www.googleapis.com/auth/cloudplatformprojects.readonly","https://www.googleapis.com/auth/firebase","https://www.googleapis.com/auth/cloud-platform"]
[debug] [2018-12-31T08:19:12.366Z] > authorizing via signed-in user
[debug] [2018-12-31T08:19:12.366Z] [iam] checking project caineandrebekah for permissions ["firebase.projects.get"]
[debug] [2018-12-31T08:19:12.367Z] >>> HTTP REQUEST POST https://cloudresourcemanager.googleapis.com/v1/projects/caineandrebekah:testIamPermissions  

[debug] [2018-12-31T08:19:12.670Z] <<< HTTP RESPONSE 200
[debug] [2018-12-31T08:19:12.671Z] >>> HTTP REQUEST GET https://cloudresourcemanager.googleapis.com/v1/projects/caineandrebekah  
 
[debug] [2018-12-31T08:19:12.895Z] <<< HTTP RESPONSE 200
[info] 
[info] === Serving from 'd:\Users\caine\Desktop\caineandrebekah'...
[info] 
[info] i  functions: Preparing to emulate functions.
[debug] [2018-12-31T08:19:13.374Z] Fetching environment
[debug] [2018-12-31T08:19:13.376Z] >>> HTTP REQUEST GET https://mobilesdk-pa.googleapis.com/v1/projects/692416682501:getServerAppConfig  
 
[debug] [2018-12-31T08:19:13.377Z] >>> HTTP REQUEST GET https://mobilesdk-pa.googleapis.com/v1/projects/692416682501/clients/_:getWebAppConfig  
 
[debug] [2018-12-31T08:19:13.604Z] <<< HTTP RESPONSE 200
[debug] [2018-12-31T08:19:13.604Z] Starting @google-cloud/functions-emulator
[debug] [2018-12-31T08:19:13.653Z] <<< HTTP RESPONSE 200
[info] i  hosting: Serving hosting files from: public
[info] +  hosting: Local server: http://localhost:5000
[debug] [2018-12-31T08:19:15.125Z] Parsing function triggers
[info] +  functions: responder: http://localhost:5001/caineandrebekah/us-central1/responder
[info] +  functions: pageCreator: http://localhost:5001/caineandrebekah/us-central1/pageCreator
[info] [hosting] Rewriting / to local function responder
