[debug] [2018-12-29T03:34:48.643Z] ----------------------------------------------------------------------
[debug] [2018-12-29T03:34:48.645Z] Command:       C:\Program Files\nodejs\node.exe C:\Users\caine\AppData\Roaming\npm\node_modules\firebase-tools\lib\bin\firebase.js serve
[debug] [2018-12-29T03:34:48.645Z] CLI Version:   6.1.2
[debug] [2018-12-29T03:34:48.645Z] Platform:      win32
[debug] [2018-12-29T03:34:48.645Z] Node Version:  v8.12.0
[debug] [2018-12-29T03:34:48.645Z] Time:          Fri Dec 28 2018 20:34:48 GMT-0700 (Mountain Standard Time)
[debug] [2018-12-29T03:34:48.645Z] ----------------------------------------------------------------------
[debug] 
[debug] [2018-12-29T03:34:48.682Z] > command requires scopes: ["email","openid","https://www.googleapis.com/auth/cloudplatformprojects.readonly","https://www.googleapis.com/auth/firebase","https://www.googleapis.com/auth/cloud-platform"]
[debug] [2018-12-29T03:34:48.682Z] > authorizing via signed-in user
[debug] [2018-12-29T03:34:48.682Z] [iam] checking project caineandrebekah for permissions ["firebase.projects.get"]
[debug] [2018-12-29T03:34:48.683Z] > refreshing access token with scopes: ["email","https://www.googleapis.com/auth/cloud-platform","https://www.googleapis.com/auth/cloudplatformprojects.readonly","https://www.googleapis.com/auth/firebase","openid"]
[debug] [2018-12-29T03:34:48.684Z] >>> HTTP REQUEST POST https://www.googleapis.com/oauth2/v3/token  
 <request body omitted>
[debug] [2018-12-29T03:34:49.004Z] <<< HTTP RESPONSE 200
[debug] [2018-12-29T03:34:49.007Z] >>> HTTP REQUEST POST https://cloudresourcemanager.googleapis.com/v1/projects/caineandrebekah:testIamPermissions  

[debug] [2018-12-29T03:34:49.409Z] <<< HTTP RESPONSE 200
[debug] [2018-12-29T03:34:49.410Z] >>> HTTP REQUEST GET https://cloudresourcemanager.googleapis.com/v1/projects/caineandrebekah  
 
[debug] [2018-12-29T03:34:49.727Z] <<< HTTP RESPONSE 200
[info] 
[info] === Serving from 'd:\Users\caine\Desktop\caineandrebekah'...
[info] 
[info] i  functions: Preparing to emulate functions.
[debug] [2018-12-29T03:34:50.487Z] Fetching environment
[debug] [2018-12-29T03:34:50.488Z] >>> HTTP REQUEST GET https://mobilesdk-pa.googleapis.com/v1/projects/692416682501:getServerAppConfig  
 
[debug] [2018-12-29T03:34:50.489Z] >>> HTTP REQUEST GET https://mobilesdk-pa.googleapis.com/v1/projects/692416682501/clients/_:getWebAppConfig  
 
[debug] [2018-12-29T03:34:50.829Z] <<< HTTP RESPONSE 200
[debug] [2018-12-29T03:34:50.829Z] Starting @google-cloud/functions-emulator
[debug] [2018-12-29T03:34:50.907Z] <<< HTTP RESPONSE 200
[info] i  hosting: Serving hosting files from: public
[info] +  hosting: Local server: http://localhost:5000
[debug] [2018-12-29T03:34:52.357Z] Parsing function triggers
[info] [hosting] Rewriting / to local function responder
[info] [hosting] Rewriting /favicon.ico to local function responder
[info] +  functions: responder: http://localhost:5001/caineandrebekah/us-central1/responder
[info] [hosting] Rewriting / to local function responder
[debug] [2019-01-04T02:17:47.626Z] ----------------------------------------------------------------------
[debug] [2019-01-04T02:17:47.628Z] Command:       C:\Program Files\nodejs\node.exe C:\Users\caine\AppData\Roaming\npm\node_modules\firebase-tools\lib\bin\firebase.js serve
[debug] [2019-01-04T02:17:47.628Z] CLI Version:   6.2.2
[debug] [2019-01-04T02:17:47.628Z] Platform:      win32
[debug] [2019-01-04T02:17:47.628Z] Node Version:  v10.15.0
[debug] [2019-01-04T02:17:47.629Z] Time:          Thu Jan 03 2019 19:17:47 GMT-0700 (Mountain Standard Time)
[debug] [2019-01-04T02:17:47.629Z] ----------------------------------------------------------------------
[debug] 
[debug] [2019-01-04T02:17:47.641Z] > command requires scopes: ["email","openid","https://www.googleapis.com/auth/cloudplatformprojects.readonly","https://www.googleapis.com/auth/firebase","https://www.googleapis.com/auth/cloud-platform"]
[debug] [2019-01-04T02:17:47.641Z] > authorizing via signed-in user
[debug] [2019-01-04T02:17:47.641Z] [iam] checking project caineandrebekah for permissions ["firebase.projects.get"]
[debug] [2019-01-04T02:17:47.643Z] > refreshing access token with scopes: ["email","https://www.googleapis.com/auth/cloud-platform","https://www.googleapis.com/auth/cloudplatformprojects.readonly","https://www.googleapis.com/auth/firebase","openid"]
[debug] [2019-01-04T02:17:47.643Z] >>> HTTP REQUEST POST https://www.googleapis.com/oauth2/v3/token  
 <request body omitted>
[debug] [2019-01-04T02:17:48.065Z] <<< HTTP RESPONSE 200
[debug] [2019-01-04T02:17:48.076Z] >>> HTTP REQUEST POST https://cloudresourcemanager.googleapis.com/v1/projects/caineandrebekah:testIamPermissions  

[debug] [2019-01-04T02:17:48.514Z] <<< HTTP RESPONSE 200
[debug] [2019-01-04T02:17:48.516Z] >>> HTTP REQUEST GET https://cloudresourcemanager.googleapis.com/v1/projects/caineandrebekah  
 
[debug] [2019-01-04T02:17:48.854Z] <<< HTTP RESPONSE 200
[info] 
[info] === Serving from 'C:\Users\caine\Desktop\caineandrebekah'...
[info] 
[info] i  functions: Preparing to emulate functions.
[debug] [2019-01-04T02:17:49.585Z] Fetching environment
[debug] [2019-01-04T02:17:49.588Z] >>> HTTP REQUEST GET https://mobilesdk-pa.googleapis.com/v1/projects/692416682501:getServerAppConfig  
 
[debug] [2019-01-04T02:17:49.588Z] >>> HTTP REQUEST GET https://mobilesdk-pa.googleapis.com/v1/projects/692416682501/clients/_:getWebAppConfig  
 
[debug] [2019-01-04T02:17:49.878Z] <<< HTTP RESPONSE 200
[debug] [2019-01-04T02:17:49.878Z] Starting @google-cloud/functions-emulator
[debug] [2019-01-04T02:17:50.009Z] <<< HTTP RESPONSE 200
[info] i  hosting: Serving hosting files from: public
[info] +  hosting: Local server: http://localhost:5000
[debug] [2019-01-04T02:17:51.464Z] Parsing function triggers
[info] +  functions: responder: http://localhost:5001/caineandrebekah/us-central1/responder
[info] +  functions: pageCreator: http://localhost:5001/caineandrebekah/us-central1/pageCreator
[info] [hosting] Rewriting / to local function responder
[info] [hosting] Rewriting / to local function responder
[info] [hosting] Rewriting / to local function responder
